=== GET /api/staff/orders — station filtering ===
Has station query param: true
Has DRINK filter: true
Has FOOD filter: true

=== PATCH item status ===
Has cancel action: true
Has totalAmount: true
Has calculateOrderTotal: true
Has SSE broadcast: true
Has 409 conflict: true

=== Order status derivation ===
Has deriveOrderStatus: true
Has isValidTransition: true
Has CANCELLED derivation: true

=== StationView ===
Has station prop: true
Has bar: true
Has kitchen: true
Has all: true

=== Vietnamese UI ===
StationView has Quầy Bar: true
StationView has Bếp: true
StationView has Tổng quan: true

=== Notifications ===
Has OscillatorNode: true
Has mute/localStorage: true

=== Auto-hide ===
Has 5 minutes (300000ms): true
StationView has disconnect banner: true
StationView has Lịch sử: true
