// This is your Prisma schema file,
// learn more about it in the docs: https://pris.ly/d/prisma-schema

generator client {
  provider = "prisma-client"
  output   = "../generated/prisma"
}

datasource db {
  provider = "sqlite"
}

// ─── Enums ──────────────────────────────────────────────────────────

enum Category {
  DRINK
  FOOD
}

enum OrderStatus {
  PENDING
  CONFIRMED
  PREPARING
  READY
  SERVED
  PAID
  CANCELLED
}

enum ItemStatus {
  PENDING
  PREPARING
  READY
  SERVED
  CANCELLED
}

// ─── Models ─────────────────────────────────────────────────────────

model MenuItem {
  id          Int        @id @default(autoincrement())
  name        String
  category    Category
  price       Int        // VND — no decimals needed
  description String?
  available   Boolean    @default(true)
  sortOrder   Int        @default(0)
  createdAt   DateTime   @default(now())
  orderItems  OrderItem[]

  @@map("menu_items")
}

model Table {
  id     Int     @id @default(autoincrement())
  number Int     @unique
  name   String  // e.g. "Bàn 1"
  orders Order[]

  @@map("tables")
}

model Order {
  id          Int         @id @default(autoincrement())
  tableId     Int
  table       Table       @relation(fields: [tableId], references: [id])
  status      OrderStatus @default(PENDING)
  totalAmount Int         @default(0)
  createdAt   DateTime    @default(now())
  items       OrderItem[]

  @@map("orders")
}

model OrderItem {
  id         Int        @id @default(autoincrement())
  orderId    Int
  order      Order      @relation(fields: [orderId], references: [id])
  menuItemId Int
  menuItem   MenuItem   @relation(fields: [menuItemId], references: [id])
  quantity   Int        @default(1)
  status     ItemStatus @default(PENDING)
  notes      String?
  createdAt  DateTime   @default(now())

  @@map("order_items")
}

