VITEST EXIT: 0
onnected (station=bar, total=2)
[SSE] Broadcast event="item-update" station=kitchen sent=1 cleaned=0

[90mstdout[2m | src/lib/__tests__/sse.test.ts[2m > [22m[2mSSE Subscriber Registry[2m > [22m[2mbroadcast[2m > [22m[2mbroadcast with no station sends to everyone
[22m[39m[SSE] Registry initialized
[SSE] Subscriber connected (station=bar, total=1)
[SSE] Subscriber connected (station=kitchen, total=2)
[SSE] Broadcast event="order-created" station=all sent=2 cleaned=0

[90mstdout[2m | src/lib/__tests__/sse.test.ts[2m > [22m[2mSSE Subscriber Registry[2m > [22m[2mbroadcast[2m > [22m[2mcleans up dead subscribers on broadcast
[22m[39m[SSE] Registry initialized
[SSE] Subscriber connected (station=all, total=1)
[SSE] Subscriber connected (station=all, total=2)
[SSE] Removed dead subscriber (station=all)
[SSE] Broadcast event="test" station=all sent=1 cleaned=1

 [32m✓[39m src/lib/__tests__/cancel-recalculation.test.ts [2m([22m[2m8 tests[22m[2m)[22m[32m 8[2mms[22m[39m
 [32m✓[39m src/lib/__tests__/sse.test.ts [2m([22m[2m11 tests[22m[2m)[22m[32m 16[2mms[22m[39m
 [32m✓[39m src/lib/__tests__/order-status.test.ts [2m([22m[2m43 tests[22m[2m)[22m[32m 13[2mms[22m[39m

[2m Test Files [22m [1m[32m3 passed[39m[22m[90m (3)[39m
[2m      Tests [22m [1m[32m62 passed[39m[22m[90m (62)[39m
[2m   Start at [22m 13:16:04
[2m   Duration [22m 393ms[2m (transform 132ms, setup 0ms, import 232ms, tests 37ms, environment 1ms)[22m


