=== REQUIREMENTS ===
# Requirements

This file is the explicit capability and coverage contract for the project.

## Active

### R001 — Khách hàng scan QR code tại bàn để mở menu và đặt món trên điện thoại
- Class: core-capability
- Status: active
- Description: Khách hàng scan QR code tại bàn để mở menu và đặt món trên điện thoại
- Why it matters: Đây là luồng chính của hệ thống — thay thế gọi nhân viên bằng self-service order
- Source: user-interview
- Validation: Khách scan QR → thấy menu → chọn món → gửi order thành công → nhân viên nhận được

### R002 — Phân loại đơn hàng thành món nước (bar) và món bếp (kitchen) tự động
- Class: core-capability
- Status: active
- Description: Phân loại đơn hàng thành món nước (bar) và món bếp (kitchen) tự động
- Why it matters: Quán có 2 trạm pha chế riêng — bar và bếp cần thấy đúng món của mình
- Source: user-interview
- Validation: Order chứa cả đồ uống và đồ ăn → bar chỉ thấy đồ uống, kitchen chỉ thấy đồ ăn

### R003 — Dashboard nhân viên hiển thị đơn hàng real-time với trạng thái (mới → đang làm → xong → đã phục vụ)
- Class: core-capability
- Status: active
- Description: Dashboard nhân viên hiển thị đơn hàng real-time với trạng thái (mới → đang làm → xong → đã phục vụ)
- Why it matters: Nhân viên cần biết ngay khi có đơn mới và theo dõi tiến độ từng đơn
- Source: user-interview
- Validation: Khách gửi order → dashboard cập nhật trong <3 giây không cần refresh trang

### R004 — Tính tiền theo bàn — tổng hợp bill, hiển thị tổng tiền, đánh dấu đã thanh toán
- Class: core-capability
- Status: active
- Description: Tính tiền theo bàn — tổng hợp bill, hiển thị tổng tiền, đánh dấu đã thanh toán
- Why it matters: Quán cần tính tiền chính xác theo từng bàn khi khách muốn thanh toán
- Source: user-interview
- Validation: Nhân viên xem bill bàn X → thấy tất cả món đã order → tổng tiền đúng → đánh dấu paid

### R005 — QR codes được tạo sẵn cho 10-20 bàn, in ra và dán tại bàn
- Class: primary-user-loop
- Status: active
- Description: QR codes được tạo sẵn cho 10-20 bàn, in ra và dán tại bàn
- Why it matters: QR phải được chuẩn bị trước — không phải tạo mới mỗi lần khách đến
- Source: user-interview
- Validation: Admin tạo QR cho N bàn → xuất file in được → scan test thành công mở đúng trang order
- Notes: M001/S03 delivers the QR generation infrastructure: admin auth + /api/admin/qr-pdf generates A4 PDF with 3x5 grid of QR codes for N tables. Each QR encodes http://SHOP_IP:SHOP_PORT/order?table=N. Machine-verified: build passes, file content correct. Full validation (scan test) pending live runtime UAT.

### R006 — Hệ thống chạy local trên mạng nội bộ quán — không cần internet
- Class: constraint
- Status: active
- Description: Hệ thống chạy local trên mạng nội bộ quán — không cần internet
- Why it matters: Quán tầm trung không cần phức tạp hóa với cloud hosting, WiFi nội bộ đủ dùng
- Source: user-interview
- Validation: App hoạt động bình thường khi máy chủ và điện thoại cùng mạng WiFi, không có internet

### R007 — Giao diện khách hà

=== DECISIONS ===
# Decisions Register

<!-- Append-only. Never edit or remove existing rows.
     To reverse a decision, add a new row that supersedes it.
     Read this file at the start of any planning or research phase. -->

| # | When | Scope | Decision | Choice | Rationale | Revisable? | Made By |
|---|------|-------|----------|--------|-----------|------------|---------|
| D001 |  | architecture | Tech stack cho hệ thống quản lý quán trà sữa | Next.js 14+ (App Router) + Tailwind CSS + SQLite (Prisma) + SSE | Next.js cho full-stack trong một project. SQLite không cần cài DB server riêng — phù hợp chạy local. Tailwind cho UI nhanh. SSE cho real-time đơn giản không cần WebSocket server. | Yes | collaborative |
| D002 |  | architecture | Cơ chế QR ordering | QR tĩnh chứa URL http://<local-ip>:3000/order?table=N, in sẵn 10-20 mã dán tại bàn | QR tĩnh đơn giản, in một lần dùng mãi. Không cần dynamic QR hay session — table number là identity đủ cho quán tầm trung. | Yes | collaborative |
| D003 |  | architecture | Ai có quyền huỷ/sửa đơn hàng | Chỉ nhân viên được huỷ/sửa đơn từ dashboard. Khách không có nút huỷ/sửa trên trang order — cần báo nhân viên. | Tránh khách tự huỷ đơn gây mất kiểm soát. Quán tầm trung nhân viên gần bàn, báo trực tiếp nhanh hơn. Giữ UI khách đơn giản, logic phức tạp dồn về phía staff. | Yes | collaborative |
| D004 | M001/S03 | library | PDF generation library for QR code printables | pdfkit + qrcode npm packages — server-side PDF generation in Next.js Route Handler | PDFKit is pure Node.js with streaming API, supports A4 sizing and PNG image embedding from Buffer natively. Combined with qrcode's toBuffer() for PNG generation, gives a clean server-side pipeline with no browser dependencies. Alternatives rejected: jspdf (browser-first), @react-pdf/renderer (heavyweight overkill). Both qrcode and pdfkit are offline-compatible (R006). | Yes | agent |
| D005 | M001/S03 | architecture | Admin auth mechanism for /admin routes | Simple ADMIN_PASSWORD env var + httpO
