=== Migrations ===
  20260506022924_init
  migration_lock.toml

=== Scripts ===
{
  "dev": "next dev",
  "build": "next build",
  "start": "next start",
  "lint": "eslint"
}

=== Prisma/tsx deps ===
  @prisma/adapter-better-sqlite3: ^7.8.0
  @prisma/client: ^7.8.0
  better-sqlite3: ^12.9.0
  prisma: ^7.8.0
  @types/better-sqlite3: ^7.6.13
  tsx: ^4.21.0

=== Seed files ===
  No seed files

=== Generated client ===
  7 files, includes: browser.ts, client.ts, commonInputTypes.ts, enums.ts, internal
