TEST FILES: D:\TraSua\node_modules\@electric-sql\pglite-socket\tests\index.test.ts
D:\TraSua\node_modules\@electric-sql\pglite-socket\tests\query-with-node-pg.test.ts
D:\TraSua\node_modules\@electric-sql\pglite-socket\tests\query-with-postgres-js.test.ts
D:\TraSua\node_modules\@electric-sql\pglite-socket\tests\server.test.ts
D:\TraSua\node_modules\@electric-sql\pglite-tools\tests\pg_dump.test.ts
D:\TraSua\node_modules\tsconfig-paths\src\__tests__\config-loader.test.ts
D:\TraSua\node_modules\tsconfig-paths\src\__tests__\filesystem.test.ts
D:\TraSua\node_modules\tsconfig-paths\src\__tests__\mapping-entry.test.ts
D:\TraSua\node_modules\tsconfig-paths\src\__tests__\match-path-async.test.ts
D:\TraSua\node_modules\tsconfig-paths\src\__tests__\match-path-sync.test.ts
D:\TraSua\node_modules\tsconfig-paths\src\__tests__\try-path.test.ts
D:\TraSua\node_modules\tsconfig-paths\src\__tests__\tsconfig-loader.test.ts
D:\TraSua\node_modules\zod\src\v3\tests\all-errors.test.ts
D:\TraSua\node_modules\zod\src\v3\tests\anyunknown.test.ts
D:\TraSua\node_modules\zod\src\v3\tests\array.test.ts
D:\TraSua\node_modules\zod\src\v3\tests\async-parsing.test.ts
D:\TraSua\node_modules\zod\src\v3\tests\async-refinements.test.ts
D:\TraSua\node_modules\zod\src\v3\tests\base.test.ts
D:\TraSua\node_modules\zod\src\v3\tests\bigint.test.ts
D:\TraSua\node_modules\zod\src\v3\tests\branded.test.ts
D:\TraSua\node_modules\zod\src\v3\tests\catch.test.ts
D:\TraSua\node_modules\zod\src\v3\tests\coerce.test.ts
D:\TraSua\node_modules\zod\src\v3\tests\complex.test.ts
D:\TraSua\node_modules\zod\src\v3\tests\custom.test.ts
D:\TraSua\node_modules\zod\src\v3\tests\date.test.ts
D:\TraSua\node_modules\zod\src\v3\tests\deepmasking.test.ts
D:\TraSua\node_modules\zod\src\v3\tests\default.test.ts
D:\TraSua\node_modules\zod\src\v3\tests\description.test.ts
D:\TraSua\node_modules\zod\src\v3\tests\discriminated-unions.test.ts
D:\TraSua\node_modules\zod\src\v3\tests\enum.test.ts
D:\TraSua\node_modules\zod\src\v3\tests\error.test.ts
D:\TraSua\node_modules\zod\src\v3\tests\firstparty.test.ts
D:\TraSua\node_modules\zod\src\v3\tests\firstpartyschematypes.test.ts
D:\TraSua\node_modules\zod\src\v3\tests\function.test.ts
D:\TraSua\node_modules\zod\src\v3\tests\generics.test.ts
D:\TraSua\node_modules\zod\src\v3\tests\instanceof.test.ts
D:\TraSua\node_modules\zod\src\v3\tests\intersection.test.ts
D:\TraSua\node_modules\zod\src\v3\tests\language-server.test.ts
D:\TraSua\node_modules\zod\src\v3\tests\literal.test.ts
D:\TraSua\node_modules\zod\src\v3\tests\map.test.ts
D:\TraSua\node_modules\zod\src\v3\tests\masking.test.ts
D:\TraSua\node_modules\zod\src\v3\tests\mocker.test.ts
D:\TraSua\node_modules\zod\src\v3\tests\nan.test.ts
D:\TraSua\node_modules\zod\src\v3\tests\nativeEnum.test.ts
D:\TraSua\node_modules\zod\src\v3\tests\nullable.test.ts
D:\TraSua\node_modules\zod\src\v3\tests\number.test.ts
D:\TraSua\node_modules\zod\src\v3\tests\object-augmentation.test.ts
D:\TraSua\node_modules\zod\src\v3\tests\object-in-es5-env.test.ts
D:\TraSua\node_modules\zod\src\v3\tests\object.test.ts
D:\TraSua\node_modules\zod\src\v3\tests\optional.test.ts
D:\TraSua\node_modules\zod\src\v3\tests\parser.test.ts
D:\TraSua\node_modules\zod\src\v3\tests\parseUtil.test.ts
D:\TraSua\node_modules\zod\src\v3\tests\partials.test.ts
D:\TraSua\node_modules\zod\src\v3\tests\pickomit.test.ts
D:\TraSua\node_modules\zod\src\v3\tests\pipeline.test.ts
D:\TraSua\node_modules\zod\src\v3\tests\preprocess.test.ts
D:\TraSua\node_modules\zod\src\v3\tests\primitive.test.ts
D:\TraSua\node_modules\zod\src\v3\tests\promise.test.ts
D:\TraSua\node_modules\zod\src\v3\tests\readonly.test.ts
D:\TraSua\node_modules\zod\src\v3\tests\record.test.ts
D:\TraSua\node_modules\zod\src\v3\tests\recursive.test.ts
D:\TraSua\node_modules\zod\src\v3\tests\refine.test.ts
D:\TraSua\node_modules\zod\src\v3\tests\safeparse.test.ts
D:\TraSua\node_modules\zod\src\v3\tests\set.test.ts
D:\TraSua\node_modules\zod\src\v3\tests\standard-schema.test.ts
D:\TraSua\node_modules\zod\src\v3\tests\string.test.ts
D:\TraSua\node_modules\zod\src\v3\tests\transformer.test.ts
D:\TraSua\node_modules\zod\src\v3\tests\tuple.test.ts
D:\TraSua\node_modules\zod\src\v3\tests\unions.test.ts
D:\TraSua\node_modules\zod\src\v3\tests\validations.test.ts
D:\TraSua\node_modules\zod\src\v3\tests\void.test.ts
D:\TraSua\node_modules\zod\src\v4\classic\tests\anyunknown.test.ts
D:\TraSua\node_modules\zod\src\v4\classic\tests\apply.test.ts
D:\TraSua\node_modules\zod\src\v4\classic\tests\array.test.ts
D:\TraSua\node_modules\zod\src\v4\classic\tests\assignability.test.ts
D:\TraSua\node_modules\zod\src\v4\classic\tests\async-parsing.test.ts
D:\TraSua\node_modules\zod\src\v4\classic\tests\async-refinements.test.ts
D:\TraSua\node_modules\zod\src\v4\classic\tests\base.test.ts
D:\TraSua\node_modules\zod\src\v4\classic\tests\bigint.test.ts
D:\TraSua\node_modules\zod\src\v4\classic\tests\brand.test.ts
D:\TraSua\node_modules\zod\src\v4\classic\tests\catch.test.ts
D:\TraSua\node_modules\zod\src\v4\classic\tests\coalesce.test.ts
D:\TraSua\node_modules\zod\src\v4\classic\tests\codec-examples.test.ts
D:\TraSua\node_modules\zod\src\v4\classic\tests\codec.test.ts
D:\TraSua\node_modules\zod\src\v4\classic\tests\coerce.test.ts
D:\TraSua\node_modules\zod\src\v4\classic\tests\continuability.test.ts
D:\TraSua\node_modules\zod\src\v4\classic\tests\custom.test.ts
D:\TraSua\node_modules\zod\src\v4\classic\tests\date.test.ts
D:\TraSua\node_modules\zod\src\v4\classic\tests\datetime.test.ts
D:\TraSua\node_modules\zod\src\v4\classic\tests\default.test.ts
D:\TraSua\node_modules\zod\src\v4\classic\tests\describe-meta-checks.test.ts
D:\TraSua\node_modules\zod\src\v4\classic\tests\description.test.ts
D:\TraSua\node_modules\zod\src\v4\classic\tests\detached-methods.test.ts
D:\TraSua\node_modules\zod\src\v4\classic\tests\discriminated-unions.test.ts
D:\TraSua\node_modules\zod\src\v4\classic\tests\enum.test.ts
D:\TraSua\node_modules\zod\src\v4\classic\tests\error-utils.test.ts
D:\TraSua\node_modules\zod\src\v4\classic\tests\error.test.ts
D:\TraSua\node_modules\zod\src\v4\classic\tests\file.test.ts
D:\TraSua\node_modules\zod\src\v4\classic\tests\firstparty.test.ts
D:\TraSua\node_modules\zod\src\v4\classic\tests\fix-json-issue.test.ts
D:\TraSua\node_modules\zod\src\v4\classic\tests\from-json-schema.test.ts
D:\TraSua\node_modules\zod\src\v4\classic\tests\function.test.ts
D:\TraSua\node_modules\zod\src\v4\classic\tests\generics.test.ts
D:\TraSua\node_modules\zod\src\v4\classic\tests\global-config.test.ts
D:\TraSua\node_modules\zod\src\v4\classic\tests\hash.test.ts
D:\TraSua\node_modules\zod\src\v4\classic\tests\index.test.ts
D:\TraSua\node_modules\zod\src\v4\classic\tests\instanceof.test.ts
D:\TraSua\node_modules\zod\src\v4\classic\tests\intersection.test.ts
D:\TraSua\node_modules\zod\src\v4\classic\tests\jitless-allows-eval.test.ts
D:\TraSua\node_modules\zod\src\v4\classic\tests\json.test.ts
D:\TraSua\node_modules\zod\src\v4\classic\tests\lazy.test.ts
D:\TraSua\node_modules\zod\src\v4\classic\tests\literal.test.ts
D:\TraSua\node_modules\zod\src\v4\classic\tests\locales_ka.test.ts
D:\TraSua\node_modules\zod\src\v4\classic\tests\locales_ro.test.ts
D:\TraSua\node_modules\zod\src\v4\classic\tests\map.test.ts
D:\TraSua\node_modules\zod\src\v4\classic\tests\nan.test.ts
D:\TraSua\node_modules\zod\src\v4\classic\tests\nested-refine.test.ts
D:\TraSua\node_modules\zod\src\v4\classic\tests\nonoptional.test.ts
D:\TraSua\node_modules\zod\src\v4\classic\tests\nullable.test.ts
D:\TraSua\node_modules\zod\src\v4\classic\tests\number.test.ts
D:\TraSua\node_modules\zod\src\v4\classic\tests\object.test.ts
D:\TraSua\node_modules\zod\src\v4\classic\tests\optional.test.ts
D:\TraSua\node_modules\zod\src\v4\classic\tests\partial.test.ts
D:\TraSua\node_modules\zod\src\v4\classic\tests\pickomit.test.ts
D:\TraSua\node_modules\zod\src\v4\classic\tests\pipe.test.ts
D:\TraSua\node_modules\zod\src\v4\classic\tests\prefault.test.ts
D:\TraSua\node_modules\zod\src\v4\classic\tests\preprocess-types.test.ts
D:\TraSua\node_modules\zod\src\v4\classic\tests\preprocess.test.ts
D:\TraSua\node_modules\zod\src\v4\classic\tests\primitive.test.ts
D:\TraSua\node_modules\zod\src\v4\classic\tests\promise.test.ts
D:\TraSua\node_modules\zod\src\v4\classic\tests\prototypes.test.ts
D:\TraSua\node_modules\zod\src\v4\classic\tests\readonly.test.ts
D:\TraSua\node_modules\zod\src\v4\classic\tests\record.test.ts
D:\TraSua\node_modules\zod\src\v4\classic\tests\recursive-types.test.ts
D:\TraSua\node_modules\zod\src\v4\classic\tests\refine.test.ts
D:\TraSua\node_modules\zod\src\v4\classic\tests\registries.test.ts
D:\TraSua\node_modules\zod\src\v4\classic\tests\set.test.ts
D:\TraSua\node_modules\zod\src\v4\classic\tests\standard-schema.test.ts
D:\TraSua\node_modules\zod\src\v4\classic\tests\string-formats.test.ts
D:\TraSua\node_modules\zod\src\v4\classic\tests\string.test.ts
D:\TraSua\node_modules\zod\src\v4\classic\tests\stringbool.test.ts
D:\TraSua\node_modules\zod\src\v4\classic\tests\template-literal.test.ts
D:\TraSua\node_modules\zod\src\v4\classic\tests\to-json-schema-methods.test.ts
D:\TraSua\node_modules\zod\src\v4\classic\tests\to-json-schema.test.ts
D:\TraSua\node_modules\zod\src\v4\classic\tests\transform.test.ts
D:\TraSua\node_modules\zod\src\v4\classic\tests\tuple.test.ts
D:\TraSua\node_modules\zod\src\v4\classic\tests\union.test.ts
D:\TraSua\node_modules\zod\src\v4\classic\tests\url.test.ts
D:\TraSua\node_modules\zod\src\v4\classic\tests\validations.test.ts
D:\TraSua\node_modules\zod\src\v4\classic\tests\void.test.ts
D:\TraSua\node_modules\zod\src\v4\core\tests\extend.test.ts
D:\TraSua\node_modules\zod\src\v4\core\tests\index.test.ts
D:\TraSua\node_modules\zod\src\v4\core\tests\record-constructor.test.ts
D:\TraSua\node_modules\zod\src\v4\core\tests\recursive-tuples.test.ts
D:\TraSua\node_modules\zod\src\v4\core\tests\locales\be.test.ts
D:\TraSua\node_modules\zod\src\v4\core\tests\locales\el.test.ts
D:\TraSua\node_modules\zod\src\v4\core\tests\locales\en.test.ts
D:\TraSua\node_modules\zod\src\v4\core\tests\locales\es.test.ts
D:\TraSua\node_modules\zod\src\v4\core\tests\locales\fr.test.ts
D:\TraSua\node_modules\zod\src\v4\core\tests\locales\he.test.ts
D:\TraSua\node_modules\zod\src\v4\core\tests\locales\hr.test.ts
D:\TraSua\node_modules\zod\src\v4\core\tests\locales\nl.test.ts
D:\TraSua\node_modules\zod\src\v4\core\tests\locales\ru.test.ts
D:\TraSua\node_modules\zod\src\v4\core\tests\locales\tr.test.ts
D:\TraSua\node_modules\zod\src\v4\core\tests\locales\uz.test.ts
D:\TraSua\node_modules\zod\src\v4\mini\tests\apply.test.ts
D:\TraSua\node_modules\zod\src\v4\mini\tests\assignability.test.ts
D:\TraSua\node_modules\zod\src\v4\mini\tests\brand.test.ts
D:\TraSua\node_modules\zod\src\v4\mini\tests\checks.test.ts
D:\TraSua\node_modules\zod\src\v4\mini\tests\codec.test.ts
D:\TraSua\node_modules\zod\src\v4\mini\tests\computed.test.ts
D:\TraSua\node_modules\zod\src\v4\mini\tests\error.test.ts
D:\TraSua\node_modules\zod\src\v4\mini\tests\functions.test.ts
D:\TraSua\node_modules\zod\src\v4\mini\tests\index.test.ts
D:\TraSua\node_modules\zod\src\v4\mini\tests\number.test.ts
D:\TraSua\node_modules\zod\src\v4\mini\tests\object.test.ts
D:\TraSua\node_modules\zod\src\v4\mini\tests\prototypes.test.ts
D:\TraSua\node_modules\zod\src\v4\mini\tests\recursive-types.test.ts
D:\TraSua\node_modules\zod\src\v4\mini\tests\standard-schema.test.ts
D:\TraSua\node_modules\zod\src\v4\mini\tests\string.test.ts
D:\TraSua\src\components\staff\__tests__\orderReducer.test.ts
D:\TraSua\src\lib\__tests__\add-item-api.test.ts
D:\TraSua\src\lib\__tests__\bill-aggregation.test.ts
D:\TraSua\src\lib\__tests__\cancel-recalculation.test.ts
D:\TraSua\src\lib\__tests__\categorize-orders.test.ts
D:\TraSua\src\lib\__tests__\order-status-paid.test.ts
D:\TraSua\src\lib\__tests__\order-status.test.ts
D:\TraSua\src\lib\__tests__\sse.test.ts


VITEST CONFIG:
import { defineConfig } from 'vitest/config'
import path from 'path'

export default defineConfig({
  test: {
    globals: true,
  },
  resolve: {
    alias: {
      '@': path.resolve(__dirname, './src'),
    },
  },
})

