FAILED: node:internal/process/promises:394
    triggerUncaughtException(err, true /* fromPromise */);
    ^

Error: Transform failed with 3 errors:
/eval.ts:1:234: ERROR: Top-level await is currently not supported with the "cjs" output format
/eval.ts:1:306: ERROR: Top-level await is currently not supported with the "cjs" output format
/eval.ts:1:489: ERROR: Top-level await is currently not supported with the "cjs" output format
    at failureErrorWithLog (D:\TraSua\node_modules\esbuild\lib\main.js:1748:15)
    at D:\TraSua\node_modules\esbuild\lib\main.js:1017:50
    at responseCallbacks.<computed> (D:\TraSua\node_modules\esbuild\lib\main.js:884:9)
    at handleIncomingPacket (D:\TraSua\node_modules\esbuild\lib\main.js:939:12)
    at Socket.readFromStdout (D:\TraSua\node_modules\esbuild\lib\main.js:862:7)
    at Socket.emit (node:events:508:28)
    at addChunk (node:internal/streams/readable:563:12)
    at readableAddChunkPushByteMode (node:internal/streams/readable:514:3)
    at Readable.push (node:internal/streams/readable:394:5)
    at Pipe.onStreamRead (node:internal/stream_base_commons:189:23) {
  errors: [
    {
      detail: undefined,
      id: '',
      location: {
        column: 234,
        file: '/eval.ts',
        length: 5,
        line: 1,
        lineText: "import { PrismaClient } from './generated/prisma/client'; import { PrismaBetterSqlite3 } from '@prisma/adapter-better-sqlite3'; const p = new PrismaClient({adapter: new PrismaBetterSqlite3({url:'file:prisma/dev.db'})}); const [m,t] = await Promise.all([p.menuItem.count(), p.table.count()]); const [d,f] = await Promise.all([p.menuItem.count({where:{category:'DRINK'}}), p.menuItem.count({where:{category:'FOOD'}})]); console.log('MenuItems:', m, 'Tables:', t, 'Drinks:', d, 'Foods:', f); await p.$disconnect();",
        namespace: '',
        suggestion: ''
      },
      notes: [],
      pluginName: '',
      text: 'Top-level await is currently not supported with the "cjs" output format'
    },
    {
      detail: undefined,
      id: '',
      location: {
        column: 306,
        file: '/eval.ts',
        length: 5,
        line: 1,
        lineText: "import { PrismaClient } from './generated/prisma/client'; import { PrismaBetterSqlite3 } from '@prisma/adapter-better-sqlite3'; const p = new PrismaClient({adapter: new PrismaBetterSqlite3({url:'file:prisma/dev.db'})}); const [m,t] = await Promise.all([p.menuItem.count(), p.table.count()]); const [d,f] = await Promise.all([p.menuItem.count({where:{category:'DRINK'}}), p.menuItem.count({where:{category:'FOOD'}})]); console.log('MenuItems:', m, 'Tables:', t, 'Drinks:', d, 'Foods:', f); await p.$disconnect();",
        namespace: '',
        suggestion: ''
      },
      notes: [],
      pluginName: '',
      text: 'Top-level await is currently not supported with the "cjs" output format'
    },
    {
      detail: undefined,
      id: '',
      location: {
        column: 489,
        file: '/eval.ts',
        length: 5,
        line: 1,
        lineText: "import { PrismaClient } from './generated/prisma/client'; import { PrismaBetterSqlite3 } from '@prisma/adapter-better-sqlite3'; const p = new PrismaClient({adapter: new PrismaBetterSqlite3({url:'file:prisma/dev.db'})}); const [m,t] = await Promise.all([p.menuItem.count(), p.table.count()]); const [d,f] = await Promise.all([p.menuItem.count({where:{category:'DRINK'}}), p.menuItem.count({where:{category:'FOOD'}})]); console.log('MenuItems:', m, 'Tables:', t, 'Drinks:', d, 'Foods:', f); await p.$disconnect();",
        namespace: '',
        suggestion: ''
      },
      notes: [],
      pluginName: '',
      text: 'Top-level await is currently not supported with the "cjs" output format'
    }
  ],
  warnings: []
}

Node.js v24.14.1

