node:fs:1569
  const result = binding.readdir(
                         ^

Error: ENOTDIR: not a directory, scandir 'D:\TraSua\prisma\migrations\migration_lock.toml'
    at Object.readdirSync (node:fs:1569:26)
    at [eval]:11:22
    at Array.forEach (<anonymous>)
    at [eval]:8:8
    at runScriptInThisContext (node:internal/vm:219:10)
    at node:internal/process/execution:451:12
    at [eval]-wrapper:6:24
    at runScriptInContext (node:internal/process/execution:449:60)
    at evalFunction (node:internal/process/execution:283:30)
    at evalTypeScript (node:internal/process/execution:295:3) {
  errno: -4052,
  code: 'ENOTDIR',
  syscall: 'scandir',
  path: 'D:\\TraSua\\prisma\\migrations\\migration_lock.toml'
}

Node.js v24.14.1
