Task plan files: [ 'T01-PLAN.md', 'T02-PLAN.md', 'T03-PLAN.md' ]

=== T01-PLAN.md (2787 chars) ===
---
estimated_steps: 28
estimated_files: 3
skills_used: []
---

# T01: Build table CRUD API with deletion guard and tests

Create the admin table management API endpoints and comprehensive tests.

Thi...

=== T02-PLAN.md (2132 chars) ===
---
estimated_steps: 33
estimated_files: 1
skills_used: []
---

# T02: Build admin tables management page with add/rename/delete UI

Replace the stub `/admin/tables/page.tsx` with a full table managem...

=== T03-PLAN.md (2151 chars) ===
---
estimated_steps: 26
estimated_files: 2
skills_used: []
---

# T03: Refactor QR PDF to read tables from DB and build admin QR page

Refactor the QR PDF generator to query tables from the database i...
