=== Admin layout ===
import AdminNav from '@/components/admin/AdminNav'

export default function AdminLayout({
  children,
}: {
  children: React.ReactNode
}) {
  return (
    <>
      {/* Page content — padded at bottom to clear fixed nav */}
      <div className="pb-20">{children}</div>

      {/* Fixed bottom navigation */}
      <AdminNav />
    </>
  )
}


=== AdminNav component ===
'use client'

import { usePathname } from 'next/navigation'
import Link from 'next/link'

// ─── Navigation Config ──────────────────────────────────────────────

const NAV_ITEMS = [
  { href: '/admin/menu', label: 'Thực đơn', emoji: '📋' },
  { href: '/admin/tables', label: 'Bàn', emoji: '🪑' },
  { href: '/admin/qr', label: 'QR Code', emoji: '📱' },
] as const

// ─── Admin Navigation ───────────────────────────────────────────────

export default function AdminNav() {
  const pathname = usePathname()

  return (
    <nav
      className="fixed bottom-0 left-0 right-0 z-50 bg-white/80 backdrop-blur-xl border-t border-amber-200/60 shadow-[0_-2px_16px_rgba(180,120,40,0.08)]"
      aria-label="Điều hướng quản trị"
    >
      <div className="max-w-7xl mx-auto flex items-stretch justify-around">
        {NAV_ITEMS.map(({ href, label, emoji }) => {
          const isActive = pathname.startsWith(href)

          return (
            <Link
              key={href}
              href={href}
              className={`
                relative flex flex-col items-center justify-center gap-1
                min-h-[56px] min-w-[72px] px-4 py-2
                text-xs font-semibold tracking-wide
                transition-all duration-200 ease-out
                ${
                  isActive
                    ? 'text-amber-900'
                    : 'text-amber-600/60 hover:text-amber-800 active:scale-95'
                }
              `}
              aria-current={isActive ? 'page' : undefined}
            >
              {/* Active indicator pill */}
              {isActive && (
                <span
                  className="absolute top-0 left-1/2 -translate-x-1/2 w-10 h-[3px] rounded-full bg-amber-500"
                  aria-hidden="true"
                />
              )}

              <span className="text-xl leading-none" aria-hidden="true">
                {emoji}
              </span>
              <span>{label}</span>
            </Link>
          )
        })}

        {/* Logout link */}
        <Link
          href="/admin/login"
          className="
            relative flex flex-col items-center justify-center gap-1
            min-h-[56px] min-w-[72px] px-4 py-2
            text-xs font-semibold tracking-wide
            text-amber-600/60 hover:text-red-600 active:scale-95
            transition-all duration-200 ease-out
          "
        >
          <span className="text-xl leading-none" aria-hidden="true">🚪</span>
          <span>Đăng xuất</span>
        </Link>
      </div>
    </nav>
  )
}


=== Checkout / pay endpoint (table deletion guard reference) ===
Staff tables API: [
  '[tableId]',
  '[tableId]\\bill',
  '[tableId]\\pay',
  '[tableId]\\bill\\route.ts',
  '[tableId]\\pay\\route.ts'
]

=== Existing admin table API? ===
NOT FOUND - needs creation

=== Pay endpoint (for unpaid order pattern) ===
 * Marks all unpaid, non-cancelled orders for a table as PAID.
 * Sets paidAt timestamp on each order. Broadcasts 'order-paid' SSE event.
 * Response: { paid: true, orderIds: number[], paidAt: string }
 *   404 — no unpaid orders for this table
  // ─── Find unpaid orders ───────────────────────────────────────────
  const unpaidOrders = await prisma.order.findMany({
    where: {
  if (unpaidOrders.length === 0) {
      `[POST /api/staff/tables/${tableId}/pay] No unpaid orders found`
  const orderIds = unpaidOrders.map((o) => o.id)
  const paidAt = new Date()
          where: { id },
          data: { status: 'PAID', paidAt },
      `[POST /api/staff/tables/${tableId}/pay] Marked ${orderIds.length} orders as PAID: [${orderIds.join(', ')}], paidAt=${paidAt.toISOString()}`
    broadcast('order-paid', { tableId, orderIds, paidAt: paidAt.toISOString() })
      paidAt: paidAt.toISOString(),

=== Test file count ===
10 test files:
  src\app\api\admin\menu\__tests__\menu-crud.test.ts
  src\components\staff\__tests__\orderReducer.test.ts
  src\lib\__tests__\add-item-api.test.ts
  src\lib\__tests__\bill-aggregation.test.ts
  src\lib\__tests__\cancel-recalculation.test.ts
  src\lib\__tests__\categorize-orders.test.ts
  src\lib\__tests__\hidden-menu-filter.test.ts
  src\lib\__tests__\order-status-paid.test.ts
  src\lib\__tests__\order-status.test.ts
  src\lib\__tests__\sse.test.ts

=== .env content (table-related) ===
SHOP_IP=192.168.1.100
SHOP_PORT=3000
TABLE_COUNT=15
