Node: v24.14.1
Next.js latest: 16.2.4
Prisma latest: 7.8.0
Tailwind latest: 4.2.4
---
create-next-app relevant flags:
npm warn exec The following package was not found and will be installed: create-next-app@16.2.4
Usage: create-next-app [directory] [options]
-v, --version                            Output the current version of create-next-app.
--ts, --typescript                       Initialize as a TypeScript project. (default)
--tailwind                               Initialize with Tailwind CSS config. (default)
--eslint                                 Initialize with ESLint config.
--app                                    Initialize as an App Router project.
--src-dir                                Initialize inside a 'src/' directory.
--import-alias <prefix/*>                Specify import alias to use (default "@/*").
--api                                    Initialize a headless API using the App Router.
--use-npm                                Explicitly tell the CLI to bootstrap the application using npm.
--use-pnpm                               Explicitly tell the CLI to bootstrap the application using pnpm.
--use-yarn                               Explicitly tell the CLI to bootstrap the application using Yarn.
--use-bun                                Explicitly tell the CLI to bootstrap the application using Bun.
--reset, --reset-preferences             Reset the preferences saved for create-next-app.
An example to bootstrap the app with. You can use an example name
