.env: [ 'SHOP_IP=192.168.1.100', 'SHOP_PORT=3000', 'TABLE_COUNT=15' ]
.env.local: not found
.env.example: not found
.env.test: not found

=== Menu test structure (first 60 lines) ===
import { describe, it, expect, vi, beforeEach } from 'vitest'

// ─── Mock Prisma ────────────────────────────────────────────────────
const mockFindMany = vi.fn()
const mockCreate = vi.fn()
const mockFindUnique = vi.fn()
const mockUpdate = vi.fn()

vi.mock('@/lib/prisma', () => ({
  prisma: {
    menuItem: {
      findMany: (...args: unknown[]) => mockFindMany(...args),
      create: (...args: unknown[]) => mockCreate(...args),
      findUnique: (...args: unknown[]) => mockFindUnique(...args),
      update: (...args: unknown[]) => mockUpdate(...args),
    },
  },
}))

// ─── Import route handlers (after mock is set up) ───────────────────
import { GET, POST } from '../route'
import { PUT, PATCH, DELETE } from '../[id]/route'

// ─── Helpers ────────────────────────────────────────────────────────

/** Create a NextRequest with JSON body */
function makeRequest(
  url: string,
  method: string,
  body?: Record<string, unknown>,
): Request {
  const init: RequestInit = {
    method,
    headers: { 'content-type': 'application/json' },
  }
  if (body) init.body = JSON.stringify(body)
  return new Request(url, init)
}

/** Build the context object Next.js passes to dynamic route handlers */
function makeContext(id: string | number) {
  return { params: Promise.resolve({ id: String(id) }) }
}

/** Parse JSON from a NextResponse */
async function json(res: Response) {
  return res.json()
}

// ─── Reset mocks ────────────────────────────────────────────────────
beforeEach(() => {
  vi.clearAllMocks()
})

// =====================================================================
// GET /api/admin/menu
// =====================================================================
describe('GET /api/admin/menu', () => {
  it('returns all items including hidden ones', async () => {
    const items = [

=== lib/auth.ts ===
/**
 * Admin authentication helpers — Edge-runtime compatible.
 * Uses a simple password from ADMIN_PASSWORD env var + httpOnly cookie.
 * No Node.js-specific APIs (no Buffer, no crypto beyond what Edge provides).
 */

export const ADMIN_COOKIE_NAME = "trasua-admin";

/** Value stored in the cookie when authenticated */
const ADMIN_TOKEN = "authenticated";

/**
 * Validate a password attempt against ADMIN_PASSWORD env var.
 */
export function validateAdminPassword(password: string): boolean {
  const expected = process.env.ADMIN_PASSWORD;
  if (!expected) return false;
  return password === expected;
}

/**
 * Check whether a raw Cookie header contains a valid admin session token.
 * Edge-compatible: parses cookies manually without Node.js dependencies.
 */
export function checkAdminCookie(cookieHeader: string | null): boolean {
  if (!cookieHeader) return false;

  const cookies = cookieHeader.split(";").reduce(
    (acc, cookie) => {
      const [key, ...rest] = cookie.trim().split("=");
      if (key) acc[key.trim()] = rest.join("=").trim();
      return acc;
    },
    {} as Record<string, string>,
  );

  return cookies[ADMIN_COOKIE_NAME] === ADMIN_TOKEN;
}

/**
 * Build a Set-Cookie header value for admin authentication.
 */
export function buildAdminCookie(): string {
  return `${ADMIN_COOKIE_NAME}=${ADMIN_TOKEN}; Path=/; HttpOnly; SameSite=Lax; Max-Age=86400`;
}

/**
 * Build a Set-Cookie header value that clears the admin cookie.
 */
export function clearAdminCookie(): string {
  return `${ADMIN_COOKIE_NAME}=; Path=/; HttpOnly; SameSite=Lax; Max-Age=0`;
}


=== QR PDF route: 180 lines ===
