=== TSC ===
Zero errors

=== KEY FILES ===
  OK: src/lib/prisma.ts
  OK: prisma/schema.prisma
  OK: prisma/seed.ts
  OK: prisma/dev.db
  OK: src/middleware.ts
  OK: src/lib/auth.ts
  OK: src/app/admin/page.tsx
  OK: src/app/admin/login/page.tsx
  OK: src/app/api/admin/login/route.ts
  OK: src/app/api/admin/qr-pdf/route.ts
  OK: public/fonts/Inter.ttf

=== SCHEMA ===
Models: 4, Enums: 3

=== SEED DATA ===
EXIT=1

node:internal/modules/cjs/loader:1459
  throw err;
  ^

Error: Cannot find module './generated/prisma'
Require stack:
- D:\TraSua\[eval]
    at Module._resolveFilename (node:internal/modules/cjs/loader:1456:15)
    at defaultResolveImpl (node:internal/modules/cjs/loader:1066:19)
    at resolveForCJSWithHooks (node:internal/modules/cjs/loader:1071:22)
    at Module._load (node:internal/modules/cjs/loader:1242:25)
    at wrapModuleLoad (node:internal/modules/cjs/loader:255:19)
    at Module.require (node:internal/modules/cjs/loader:1556:12)
    at require (node:internal/modules/helpers:152:16)
    at [eval]:1:21
    at runScriptInThisContext (node:internal/vm:219:10)
    at node:internal/process/execution:451:12 {
  code: 'MODULE_NOT_FOUND',
  requireStack: [ 'D:\\TraSua\\[eval]' ]
}

Node.js v24.14.1

=== QR ROUTE CONTENT CHECK ===
Has PDFDocument: true
Has order?table=: true
Has runtime nodejs: true

=== MIDDLEWARE ===
Protects /admin: true
Has matcher config: true

=== LAYOUT ===
Has lang=vi: true

=== BUILD ===
Build passed: true
Routes found: 9
  ┌ ○ /
  ├ ○ /_not-found
  ├ ○ /admin
  ├ ○ /admin/login
  ├ ƒ /api/admin/login
  └ ƒ /api/admin/qr-pdf
  ƒ Proxy (Middleware)
  ○  (Static)   prerendered as static content
  ƒ  (Dynamic)  server-rendered on demand
