=== Enums ===
enum Category {
  DRINK
  FOOD
}

enum OrderStatus {
  PENDING
  CONFIRMED
  PREPARING
  READY
  SERVED
  PAID
  CANCELLED
}

enum ItemStatus {
  PENDING
  PREPARING
  READY
  SERVED
  CANCELLED
}

=== Middleware ===
import { NextResponse, type NextRequest } from "next/server";
import { ADMIN_COOKIE_NAME } from "@/lib/auth";

/**
 * Middleware protecting /admin/* routes.
 * Exempts /admin/login (the login page) and /api/admin/login (the login API).
 * Runs on Edge runtime — only simple cookie string comparison.
 */
export function middleware(request: NextRequest) {
  const { pathname } = request.nextUrl;

  // Allow access to the login page and login API without authentication
  if (pathname === "/admin/login" || pathname === "/api/admin/login") {
    return NextResponse.next();
  }

  // Check for admin cookie
  const adminCookie = request.cookies.get(ADMIN_COOKIE_NAME);
  if (adminCookie?.value === "authenticated") {
    return NextResponse.next();
  }

  // Redirect unauthenticated users to /admin/login
  const loginUrl = new URL("/admin/login", request.url);
  return NextResponse.redirect(loginUrl);
}

export const config = {
  matcher: ["/admin/:path*", "/api/admin/:path*"],
};


=== Auth lib ===
/**
 * Admin authentication helpers — Edge-runtime compatible.
 * Uses a simple password from ADMIN_PASSWORD env var + httpOnly cookie.
 * No Node.js-specific APIs (no Buffer, no crypto beyond what Edge provides).
 */

export const ADMIN_COOKIE_NAME = "trasua-admin";

/** Value stored in the cookie when authenticated */
const ADMIN_TOKEN = "authenticated";

/**
 * Validate a password attempt against ADMIN_PASSWORD env var.
 */
export function validateAdminPassword(password: string): boolean {
  const expected = process.env.ADMIN_PASSWORD;
  if (!expected) return false;
  return password === expected;
}

/**
 * Check whether a raw Cookie header contains a valid admin session token.
 * Edge-compatible: parses cookies manually without Node.js dependencies.
 */
export function checkAdminCookie(cookieHeader: string | null): boolean {
  if (!cookieHeader) return false;

  const cookies = cookieHeader.split(";").reduce(
    (acc, cookie) => {
      const [key, ...rest] = cookie.trim().split("=");
      if (key) acc[key.trim()] = rest.join("=").trim();
      return acc;
    },
    {} as Record<string, string>,
  );

  return cookies[ADMIN_COOKIE_NAME] === ADMIN_TOKEN;
}

/**
 * Build a Set-Cookie header value for admin authentication.
 */
export function buildAdminCookie(): string {
  return `${ADMIN_COOKIE_NAME}=${ADMIN_TOKEN}; Path=/; HttpOnly; SameSite=Lax; Max-Age=86400`;
}

/**
 * Build a Set-Cookie header value that clears the admin cookie.
 */
export function clearAdminCookie(): string {
  return `${ADMIN_COOKIE_NAME}=; Path=/; HttpOnly; SameSite=Lax; Max-Age=0`;
}


=== Order API route ===
import { NextRequest, NextResponse } from 'next/server'
import { prisma } from '@/lib/prisma'

type OrderItemInput = {
  menuItemId: number
  quantity: number
  notes?: string
}

type OrderRequestBody = {
  tableId: number
  items: OrderItemInput[]
}

export async function POST(request: NextRequest) {
  // ─── Parse body ───────────────────────────────────────────────────
  let body: OrderRequestBody
  try {
    body = await request.json()
  } catch {
    return NextResponse.json(
      { error: 'Dữ liệu không hợp lệ.' },
      { status: 400 },
    )
  }

  const { tableId, items } = body

  // ─── Validate shape ───────────────────────────────────────────────
  if (
    typeof tableId !== 'number' ||
    !Array.isArray(items) ||
    items.length === 0
  ) {
    return NextResponse.json(
      { error: 'Dữ liệu đơn hàng không hợp lệ.' },
      { status: 400 },
    )
  }

  // ─── Validate quantities ──────────────────────────────────────────
  for (const item of items) {
    if (
      typeof item.menuItemId !== 'number' ||
      typeof item.quantity !== 'number' ||
      !Number.isInteger(item.quantity) ||
      item.quantity <= 0
    ) {
      return NextResponse.json(
        { error: 'Số lượng phải là số nguyên dương.' },
        { status: 400 },
      )
    }
  }

  // ─── Validate table exists ────────────────────────────────────────
  const table = await prisma.table.findUnique({ where: { id: tableId } })
  if (!table) {
    return NextResponse.json(
      { error: 'Bàn không tồn tại.' },
      { status: 404 },
    )
  }

  // ─── Validate menu items exist and are available ──────────────────
  const menuItemIds = items.map((i) => i.menuItemId)
  const menuItems = await prisma.menuItem.findMany({
    where: { id: { in: menuItemIds } },
  })

  const menuItemMap = new Map(menuItems.map((mi) => [mi.id, mi]))

  // Check for missing items
  const missingIds = menuItemIds.filter((id) => !menuItemMap.has(id))
  if (missingIds.length > 0) {
    return NextResponse.json(
      { error: 'Một số món không tồn tại.', missingItems: missingIds },
      { status: 400 },
    )
  }

  // Check for unavailable items
  const unavailableItems = items
    .filter((i) => {
      const mi = menuItemMap.get(i.menuItemId)
      return mi && !mi.available
    })
    .map((i) => i.menuItemId)

  if (unavailableItems.length > 0) {
    return NextResponse.json(
      { error: 'Một số món đã hết hàng', unavailableItems },
      { status: 409 },
    )
  }

  // ─── Compute totalAmount server-side ──────────────────────────────
  const totalAmount = items.reduce((sum, item) => {
    const menuItem = menuItemMap.get(item.menuItemId)!
    return sum + menuItem.price * item.quantity
  }, 0)

  // ─── Create Order + OrderItems in transaction ─────────────────────
  try {
    const order = await prisma.$transaction(async (tx) => {
      const newOrder = await tx.order.create({
        data: {
          tableId,
          totalAmount,
          status: 'PENDING',
        },
      })

      await tx.orderItem.createMany({
        data: items.map((i) => ({
          orderId: newOrder.id,
          menuItemId: i.menuItemId,
          quantity: i.quantity,
          notes: i.notes || null,
          status: 'PENDING',
        })),
      })

      // Re-fetch with items + menuItem names for response
      return tx.order.findUniqueOrThrow({
        where: { id: newOrder.id },
        include: {
          items: {
            include: {
              menuItem: { select: { name: true, price: true } },
            },
          },
        },
      })
    })

    return NextResponse.json({ order }, { status: 201 })
  } catch (error) {
    console.error('[POST /api/order] Transaction failed:', error)
    return NextResponse.json(
      { error: 'Không thể tạo đơn hàng. Vui lòng thử lại.' },
      { status: 500 },
    )
  }
}

