=== Running full test suite ===
 [32m✓[39m src/lib/__tests__/cancel-recalculation.test.ts[2m > [22mcalculateOrderTotal[2m > [22mreturns 0 when single item is cancelled[32m 0[2mms[22m[39m
 [32m✓[39m src/lib/__tests__/cancel-recalculation.test.ts[2m > [22mcalculateOrderTotal[2m > [22mhandles items with price=0 correctly[32m 0[2mms[22m[39m
 [32m✓[39m src/lib/__tests__/cancel-recalculation.test.ts[2m > [22mcalculateOrderTotal[2m > [22mreturns 0 for empty items array[32m 0[2mms[22m[39m
 [32m✓[39m src/lib/__tests__/cancel-recalculation.test.ts[2m > [22mcalculateOrderTotal[2m > [22mhandles quantity > 1 correctly[32m 0[2mms[22m[39m
 [32m✓[39m src/lib/__tests__/cancel-recalculation.test.ts[2m > [22mcalculateOrderTotal[2m > [22mhandles mixed statuses including SERVED[32m 0[2mms[22m[39m
 [32m✓[39m src/lib/__tests__/order-status.test.ts[2m > [22mderiveOrderStatus[2m > [22mreturns PENDING for empty array[32m 3[2mms[22m[39m
 [32m✓[39m src/lib/__tests__/order-status.test.ts[2m > [22mderiveOrderStatus[2m > [22mreturns PENDING when all items are PENDING[32m 0[2mms[22m[39m
 [32m✓[39m src/lib/__tests__/order-status.test.ts[2m > [22mderiveOrderStatus[2m > [22mreturns PREPARING when any item is PREPARING[32m 0[2mms[22m[39m
 [32m✓[39m src/lib/__tests__/order-status.test.ts[2m > [22mderiveOrderStatus[2m > [22mreturns PREPARING when mix of PREPARING and READY[32m 0[2mms[22m[39m
 [32m✓[39m src/lib/__tests__/order-status.test.ts[2m > [22mderiveOrderStatus[2m > [22mreturns PREPARING when PENDING + READY (some still behind)[32m 0[2mms[22m[39m
 [32m✓[39m src/lib/__tests__/order-status.test.ts[2m > [22mderiveOrderStatus[2m > [22mreturns READY when all non-cancelled items are READY[32m 0[2mms[22m[39m
 [32m✓[39m src/lib/__tests__/order-status.test.ts[2m > [22mderiveOrderStatus[2m > [22mreturns READY when mix of READY and CANCELLED[32m 1[2mms[22m[39m
 [32m✓[39m src/lib/__tests__/order-status.test.ts[2m > [22mderiveOrderStatus[2m > [22mreturns READY when mix of READY and SERVED[32m 0[2mms[22m[39m
 [32m✓[39m src/lib/__tests__/order-status.test.ts[2m > [22mderiveOrderStatus[2m > [22mreturns SERVED when all non-cancelled items are SERVED[32m 0[2mms[22m[39m
 [32m✓[39m src/lib/__tests__/order-status.test.ts[2m > [22mderiveOrderStatus[2m > [22mreturns SERVED when mix of SERVED and CANCELLED[32m 1[2mms[22m[39m
 [32m✓[39m src/lib/__tests__/order-status.test.ts[2m > [22mderiveOrderStatus[2m > [22mreturns CANCELLED when all items are CANCELLED[32m 3[2mms[22m[39m
 [32m✓[39m src/lib/__tests__/order-status.test.ts[2m > [22mderiveOrderStatus[2m > [22mreturns CANCELLED for single CANCELLED item[32m 0[2mms[22m[39m
 [32m✓[39m src/lib/__tests__/order-status.test.ts[2m > [22mderiveOrderStatus[2m > [22mreturns PREPARING for mixed bag: PENDING + PREPARING + CANCELLED[32m 0[2mms[22m[39m
 [32m✓[39m src/lib/__tests__/order-status.test.ts[2m > [22mderiveOrderStatus[2m > [22mreturns PREPARING for: PENDING + READY + SERVED + CANCELLED[32m 0[2mms[22m[39m
 [32m✓[39m src/lib/__tests__/order-status.test.ts[2m > [22mderiveOrderStatus[2m > [22mreturns READY for: READY + SERVED + CANCELLED[32m 0[2mms[22m[39m
 [32m✓[39m src/lib/__tests__/order-status.test.ts[2m > [22mderiveOrderStatus[2m > [22mhandles single PENDING item[32m 0[2mms[22m[39m
 [32m✓[39m src/lib/__tests__/order-status.test.ts[2m > [22mderiveOrderStatus[2m > [22mhandles single PREPARING item[32m 0[2mms[22m[39m
 [32m✓[39m src/lib/__tests__/order-status.test.ts[2m > [22mderiveOrderStatus[2m > [22mhandles single READY item[32m 0[2mms[22m[39m
 [32m✓[39m src/lib/__tests__/order-status.test.ts[2m > [22mderiveOrderStatus[2m > [22mhandles single SERVED item[32m 0[2mms[22m[39m
 [32m✓[39m src/lib/__tests__/order-status.test.ts[2m > [22misValidTransition[2m > [22mallows PENDING → PREPARING[32m 0[2mms[22m[39m
 [32m✓[39m src/lib/__tests__/order-status.test.ts[2m > [22misValidTransition[2m > [22mallows PREPARING → READY[32m 0[2mms[22m[39m
 [32m✓[39m src/lib/__tests__/order-status.test.ts[2m > [22misValidTransition[2m > [22mallows READY → SERVED[32m 0[2mms[22m[39m
 [32m✓[39m src/lib/__tests__/order-status.test.ts[2m > [22misValidTransition[2m > [22mallows PENDING → CANCELLED[32m 0[2mms[22m[39m
 [32m✓[39m src/lib/__tests__/order-status.test.ts[2m > [22misValidTransition[2m > [22mallows PREPARING → CANCELLED[32m 0[2mms[22m[39m
 [32m✓[39m src/lib/__tests__/order-status.test.ts[2m > [22misValidTransition[2m > [22mallows READY → CANCELLED[32m 0[2mms[22m[39m
 [32m✓[39m src/lib/__tests__/order-status.test.ts[2m > [22misValidTransition[2m > [22mallows SERVED → CANCELLED[32m 0[2mms[22m[39m
 [32m✓[39m src/lib/__tests__/order-status.test.ts[2m > [22misValidTransition[2m > [22mrejects PREPARING → PENDING (backward)[32m 0[2mms[22m[39m
 [32m✓[39m src/lib/__tests__/order-status.test.ts[2m > [22misValidTransition[2m > [22mrejects READY → PREPARING (backward)[32m 0[2mms[22m[39m
 [32m✓[39m src/lib/__tests__/order-status.test.ts[2m > [22misValidTransition[2m > [22mrejects SERVED → READY (backward)[32m 0[2mms[22m[39m
 [32m✓[39m src/lib/__tests__/order-status.test.ts[2m > [22misValidTransition[2m > [22mrejects READY → PENDING (skip backward)[32m 0[2mms[22m[39m
 [32m✓[39m src/lib/__tests__/order-status.test.ts[2m > [22misValidTransition[2m > [22mrejects PENDING → READY (skip forward)[32m 0[2mms[22m[39m
 [32m✓[39m src/lib/__tests__/order-status.test.ts[2m > [22misValidTransition[2m > [22mrejects PENDING → SERVED (skip forward)[32m 0[2mms[22m[39m
 [32m✓[39m src/lib/__tests__/order-status.test.ts[2m > [22misValidTransition[2m > [22mrejects PREPARING → SERVED (skip forward)[32m 0[2mms[22m[39m
 [32m✓[39m src/lib/__tests__/order-status.test.ts[2m > [22misValidTransition[2m > [22mrejects PENDING → PENDING (no-op)[32m 0[2mms[22m[39m
 [32m✓[39m src/lib/__tests__/order-status.test.ts[2m > [22misValidTransition[2m > [22mrejects PREPARING → PREPARING (no-op)[32m 0[2mms[22m[39m
 [32m✓[39m src/lib/__tests__/order-status.test.ts[2m > [22misValidTransition[2m > [22mrejects CANCELLED → PENDING[32m 0[2mms[22m[39m
 [32m✓[39m src/lib/__tests__/order-status.test.ts[2m > [22misValidTransition[2m > [22mrejects CANCELLED → PREPARING[32m 0[2mms[22m[39m
 [32m✓[39m src/lib/__tests__/order-status.test.ts[2m > [22misValidTransition[2m > [22mrejects CANCELLED → CANCELLED[32m 0[2mms[22m[39m
 [32m✓[39m src/lib/__tests__/order-status.test.ts[2m > [22mgetValidNextStatuses[2m > [22mreturns [PREPARING, CANCELLED] for PENDING[32m 1[2mms[22m[39m
 [32m✓[39m src/lib/__tests__/order-status.test.ts[2m > [22mgetValidNextStatuses[2m > [22mreturns [READY, CANCELLED] for PREPARING[32m 0[2mms[22m[39m
 [32m✓[39m src/lib/__tests__/order-status.test.ts[2m > [22mgetValidNextStatuses[2m > [22mreturns [SERVED, CANCELLED] for READY[32m 0[2mms[22m[39m
 [32m✓[39m src/lib/__tests__/order-status.test.ts[2m > [22mgetValidNextStatuses[2m > [22mreturns [CANCELLED] for SERVED[32m 0[2mms[22m[39m
 [32m✓[39m src/lib/__tests__/order-status.test.ts[2m > [22mgetValidNextStatuses[2m > [22mreturns empty array for CANCELLED (terminal)[32m 0[2mms[22m[39m
 [32m✓[39m src/lib/__tests__/categorize-orders.test.ts[2m > [22mcategorizeOrders[2m > [22mputs active orders (PENDING/PREPARING/READY) into active bucket[32m 5[2mms[22m[39m
 [32m✓[39m src/lib/__tests__/categorize-orders.test.ts[2m > [22mcategorizeOrders[2m > [22mputs newly-completed orders (SERVED) into recentlyCompleted when completedAt is within window[32m 1[2mms[22m[39m
 [32m✓[39m src/lib/__tests__/categorize-orders.test.ts[2m > [22mcategorizeOrders[2m > [22mputs old completed orders (>5 min) into hidden[32m 1[2mms[22m[39m
 [32m✓[39m src/lib/__tests__/categorize-orders.test.ts[2m > [22mcategorizeOrders[2m > [22mtreats orders without completedAt entry but SERVED status as recentlyCompleted (new completion detected)[32m 1[2mms[22m[39m
 [32m✓[39m src/lib/__tests__/categorize-orders.test.ts[2m > [22mcategorizeOrders[2m > [22mboundary: exactly at hideAfterMs puts order in recentlyCompleted (exclusive)[32m 0[2mms[22m[39m
 [32m✓[39m src/lib/__tests__/categorize-orders.test.ts[2m > [22mcategorizeOrders[2m > [22mboundary: 1ms before hideAfterMs is recentlyCompleted[32m 0[2mms[22m[39m
 [32m✓[39m src/lib/__tests__/categorize-orders.test.ts[2m > [22mcategorizeOrders[2m > [22mhandles mix of active, recent, and hidden orders[32m 1[2mms[22m[39m
 [32m✓[39m src/lib/__tests__/categorize-orders.test.ts[2m > [22mcategorizeOrders[2m > [22mrespects custom hideAfterMs parameter[32m 1[2mms[22m[39m
 [32m✓[39m src/lib/__tests__/categorize-orders.test.ts[2m > [22mcategorizeOrders[2m > [22mreturns empty arrays for empty input[32m 1[2mms[22m[39m
 [32m✓[39m src/components/staff/__tests__/orderReducer.test.ts[2m > [22morderReducer[2m > [22mREMOVE_ORDERS[2m > [22mremoves orders by ID array[32m 5[2mms[22m[39m
 [32m✓[39m src/components/staff/__tests__/orderReducer.test.ts[2m > [22morderReducer[2m > [22mREMOVE_ORDERS[2m > [22mdoes nothing when no IDs match[32m 1[2mms[22m[39m
 [32m✓[39m src/components/staff/__tests__/orderReducer.test.ts[2m > [22morderReducer[2m > [22mREMOVE_ORDERS[2m > [22mremoves all orders when all IDs match[32m 0[2mms[22m[39m
 [32m✓[39m src/components/staff/__tests__/orderReducer.test.ts[2m > [22morderReducer[2m > [22mREMOVE_ORDERS[2m > [22mhandles empty payload array[32m 0[2mms[22m[39m
 [32m✓[39m src/components/staff/__tests__/orderReducer.test.ts[2m > [22morderReducer[2m > [22mREMOVE_ORDERS[2m > [22mpreserves connection status[32m 0[2mms[22m[39m
 [32m✓[39m src/components/staff/__tests__/orderReducer.test.ts[2m > [22morderReducer[2m > [22mADD_ORDER[2m > [22madds new order at the top[32m 0[2mms[22m[39m
 [32m✓[39m src/components/staff/__tests__/orderReducer.test.ts[2m > [22morderReducer[2m > [22mADD_ORDER[2m > [22mupdates existing order instead of duplicating[32m 1[2mms[22m[39m
 [32m✓[39m src/components/staff/__tests__/orderReducer.test.ts[2m > [22morderReducer[2m > [22mUPDATE_ORDER[2m > [22mupdates existing order in place[32m 1[2mms[22m[39m
 [32m✓[39m src/components/staff/__tests__/orderReducer.test.ts[2m > [22morderReducer[2m > [22mSET_ORDERS[2m > [22mreplaces all orders[32m 1[2mms[22m[39m
 [32m✓[39m src/lib/__tests__/bill-aggregation.test.ts[2m > [22mcalculateOrderTotal[2m > [22msums price * quantity for active items[32m 2[2mms[22m[39m
 [32m✓[39m src/lib/__tests__/bill-aggregation.test.ts[2m > [22mcalculateOrderTotal[2m > [22mexcludes CANCELLED items from total[32m 0[2mms[22m[39m
 [32m✓[39m src/lib/__tests__/bill-aggregation.test.ts[2m > [22mcalculateOrderTotal[2m > [22mreturns 0 for empty item array[32m 0[2mms[22m[39m
 [32m✓[39m src/lib/__tests__/bill-aggregation.test.ts[2m > [22mcalculateOrderTotal[2m > [22mreturns 0 when all items are CANCELLED[32m 0[2mms[22m[39m
 [32m✓[39m src/lib/__tests__/bill-aggregation.test.ts[2m > [22mcalculateOrderTotal[2m > [22mhandles multi-order aggregation (flat item list from multiple orders)[32m 0[2mms[22m[39m
 [32m✓[39m src/lib/__tests__/bill-aggregation.test.ts[2m > [22mcalculateOrderTotal[2m > [22mhandles single item correctly[32m 0[2mms[22m[39m
 [32m✓[39m src/lib/__tests__/bill-aggregation.test.ts[2m > [22mcalculateOrderTotal[2m > [22mhandles items with quantity > 1[32m 0[2mms[22m[39m

[2m Test Files [22m [1m[32m8 passed[39m[22m[90m (8)[39m
[2m      Tests [22m [1m[32m111 passed[39m[22m[90m (111)[39m
[2m   Start at [22m 15:31:13
[2m   Duration [22m 884ms[2m (transform 574ms, setup 0ms, import 867ms, tests 104ms, environment 2ms)[22m


