=== Full seed.ts ===
import { PrismaClient } from '../generated/prisma/client'
import { PrismaBetterSqlite3 } from '@prisma/adapter-better-sqlite3'

const prisma = new PrismaClient({
  adapter: new PrismaBetterSqlite3({ url: 'file:prisma/dev.db' }),
})

async function main() {
  // Clear tables in reverse dependency order to avoid FK constraint violations
  await prisma.orderItem.deleteMany()
  await prisma.order.deleteMany()
  await prisma.menuItem.deleteMany()
  await prisma.table.deleteMany()

  // ─── Seed Menu Items ──────────────────────────────────────────────
  const drinks = [
    { name: 'Trà sữa trân châu', price: 35000 },
    { name: 'Trà sữa matcha', price: 40000 },
    { name: 'Trà sữa socola', price: 38000 },
    { name: 'Trà sữa khoai môn', price: 38000 },
    { name: 'Trà đào cam sả', price: 35000 },
    { name: 'Trà vải', price: 32000 },
    { name: 'Trà chanh leo', price: 30000 },
    { name: 'Cà phê sữa đá', price: 29000 },
    { name: 'Sinh tố bơ', price: 40000 },
    { name: 'Sinh tố xoài', price: 35000 },
    { name: 'Nước ép cam', price: 28000 },
    { name: 'Soda chanh', price: 25000 },
  ]

  const foods = [
    { name: 'Bánh tráng trộn', price: 25000 },
    { name: 'Khoai tây chiên', price: 30000 },
    { name: 'Gà viên chiên', price: 35000 },
    { name: 'Xúc xích nướng', price: 28000 },
    { name: 'Bánh mì bơ tỏi', price: 20000 },
    { name: 'Phô mai que', price: 32000 },
  ]

  const menuItems = await Promise.all([
    ...drinks.map((item, i) =>
      prisma.menuItem.create({
        data: {
          name: item.name,
          category: 'DRINK',
          price: item.price,
          sortOrder: i + 1,
        },
      })
    ),
    ...foods.map((item, i) =>
      prisma.menuItem.create({
        data: {
          name: item.name,
          category: 'FOOD',
          price: item.price,
          sortOrder: i + 1,
        },
      })
    ),
  ])

  // ─── Seed Tables ──────────────────────────────────────────────────
  const tables = await Promise.all(
    Array.from({ length: 15 }, (_, i) =>
      prisma.table.create({
        data: {
          number: i + 1,
          name: `Bàn ${i + 1}`,
        },
      })
    )
  )

  console.log(`Seeded ${menuItems.length} menu items and ${tables.length} tables`)
}

main()
  .catch((e) => {
    console.error(e)
    process.exit(1)
  })
  .finally(async () => {
    await prisma.$disconnect()
  })


=== API structure ===
login/
  route.ts
menu/
  route.ts
  [id]/
    route.ts
  __tests__/
    menu-crud.test.ts
qr-pdf/
  route.ts

=== Middleware ===
import { NextResponse, type NextRequest } from "next/server";
import { ADMIN_COOKIE_NAME } from "@/lib/auth";

/**
 * Middleware protecting /admin/* routes.
 * Exempts /admin/login (the login page) and /api/admin/login (the login API).
 * Runs on Edge runtime — only simple cookie string comparison.
 */
export function middleware(request: NextRequest) {
  const { pathname } = request.nextUrl;

  // Allow access to the login page and login API without authentication
  if (pathname === "/admin/login" || pathname === "/api/admin/login") {
    return NextResponse.next();
  }

  // Check for admin cookie
  const adminCookie = request.cookies.get(ADMIN_COOKIE_NAME);
  if (adminCookie?.value === "authenticated") {
    return NextResponse.next();
  }

  // Redirect unauthenticated users to /admin/login
  const loginUrl = new URL("/admin/login", request.url);
  return NextResponse.redirect(loginUrl);
}

export const config = {
  matcher: ["/admin/:path*", "/api/admin/:path*"],
};


=== lib/auth.ts ===
/**
 * Admin authentication helpers — Edge-runtime compatible.
 * Uses a simple password from ADMIN_PASSWORD env var + httpOnly cookie.
 * No Node.js-specific APIs (no Buffer, no crypto beyond what Edge provides).
 */

export const ADMIN_COOKIE_NAME = "trasua-admin";

/** Value stored in the cookie when authenticated */
const ADMIN_TOKEN = "authenticated";

/**
 * Validate a password attempt against ADMIN_PASSWORD env var.
 */
export function validateAdminPassword(password: string): boolean {
  const expected = process.env.ADMIN_PASSWORD;
  if (!expected) return false;
  return password === expected;
}

/**
 * Check whether a raw Cookie header contains a valid admin session token.
 * Edge-compatible: parses cookies manually without Node.js dependencies.
 */
export function checkAdminCookie(cookieHeader: string | null): boolean {
  if (!cookieHeader) return false;

  const cookies = cookieHeader.split(";").reduce(
    (acc, cookie) => {
      const [key, ...rest] = cookie.trim().split("=");
      if (key) acc[key.trim()] = rest.join("=").trim();
      return acc;
    },
    {} as Record<string, string>,
  );

  return cookies[ADMIN_COOKIE_NAME] === ADMIN_TOKEN;
}

/**
 * Build a Set-Cookie header value for admin authentication.
 */
export function buildAdminCookie(): string {
  return `${ADMIN_COOKIE_NAME}=${ADMIN_TOKEN}; Path=/; HttpOnly; SameSite=Lax; Max-Age=86400`;
}

/**
 * Build a Set-Cookie header value that clears the admin cookie.
 */
export function clearAdminCookie(): string {
  return `${ADMIN_COOKIE_NAME}=; Path=/; HttpOnly; SameSite=Lax; Max-Age=0`;
}


=== Admin menu GET/POST route (first 30 lines) ===
import { NextRequest, NextResponse } from 'next/server'
import { prisma } from '@/lib/prisma'

/**
 * GET /api/admin/menu
 *
 * Returns ALL menu items (including hidden), ordered by sortOrder.
 * Admin middleware handles authentication.
 */
export async function GET() {
  try {
    const items = await prisma.menuItem.findMany({
      orderBy: { sortOrder: 'asc' },
    })

    console.log(`[GET /api/admin/menu] Returning ${items.length} menu items (including hidden)`)

    return NextResponse.json({ items })
  } catch (error) {
    console.error('[GET /api/admin/menu] Failed to fetch menu items:', error)
    return NextResponse.json(
      { error: 'Không thể tải danh sách món. Vui lòng thử lại.' },
      { status: 500 },
    )
  }
}

/**
 * POST /api/admin/menu
 *
 * Creates a new menu item.
 * Required: name (string), price (int > 0), category (DRINK | FOOD).
 * Optional: description (string), sortOrder (int), available (boolean).
 */
export async function POST(request: NextRequest) {
  let body: Record<string, unknown>
  try {
    body = await request.json()
  } catch {
    return NextResponse.json(
