=== Seed script (tables portion) ===
 ──────────────────────────────────────────────────
  const tables = await Promise.all(
    Array.from({ length: 15 }, (_, i) =>
      prisma.table.create({
        data: {
          number: i + 1,
          name: `Bàn ${i + 1}`,
        },
      })
    )
  )

  console.log(`Seeded ${menuItems.length} menu items and ${tables.length} tables`)
}

main()
  .catch((e) => {
    console.error(e)
    process.exit(1)
  })
  .finally(async () => {
    await prisma.$disconnect()
  })


=== lib/prisma.ts ===
import { PrismaClient } from '../../generated/prisma/client'
import { PrismaBetterSqlite3 } from '@prisma/adapter-better-sqlite3'

const globalForPrisma = globalThis as unknown as { prisma: PrismaClient }

export const prisma =
  globalForPrisma.prisma ??
  new PrismaClient({
    adapter: new PrismaBetterSqlite3({ url: 'file:prisma/dev.db' }),
  })

if (process.env.NODE_ENV !== 'production') globalForPrisma.prisma = prisma


=== Order route - table validation ===
  tableId: number
  const { tableId, items } = body
    typeof tableId !== 'number' ||
  // ─── Validate table exists ────────────────────────────────────────
  const table = await prisma.table.findUnique({ where: { id: tableId } })
  if (!table) {
          tableId,
      // Re-fetch with items + menuItem names + table info for response & broadcast
          table: true,

=== Bill endpoint ===
import { NextRequest, NextResponse } from 'next/server'
import { prisma } from '@/lib/prisma'

/**
 * GET /api/staff/tables/[tableId]/bill
 *
 * Aggregates all unpaid, non-cancelled orders for a table into a single bill.
 * Returns table info, individual orders, a flat item list, and the aggregated total.
 *
 * Response shape:
 *   { table: { id, number, name }, orders: [...], items: [...], total: number }
 *
 * Errors:
 *   400 — invalid tableId
 *   404 — no unpaid orders for this table
 */
export async function GET(
  _request: NextRequest,
  { params }: { params: Promise<{ tableId: string }> }
) {
  const { tableId: tableIdStr } = await params
  const tableId = parseInt(tableIdStr, 10)

  if (isNaN(tableId)) {
    return NextResponse.json(
      { error: 'ID bàn không hợp lệ.' },
      { status: 400 }
    )
  }

  console.log(`[GET /api/staff/tables/${tableId}/bill] Fetching bill`)

  // ─── Query unpaid, non-cancelled orders ───────────────────────────
  const orders = await prisma.order.findMany({
    where: {
      tableId,
      status: { notIn: ['PAID', 'CANCELLED'] },
    },
    include: {
      table: true,
      items: {
        include: {
          menuItem: {
            select: { id: true, name: true, category: true, price: true },
          },
        },
      },
    },
    orderBy: { createdAt: 'asc' },
  })

  if (orders.length === 0) {
    console.log(
      `[GET /api/staff/tables/${tableId}/bill] No unpaid orders found`
    )
    return NextResponse.json(
      { error: 'Bàn này không có đơn chưa thanh toán.' },
      { status: 404 }
    )
  }

  // ─── Build flat item list and compute total ───────────────────────
  const table = { id: orders[0].table.id, number: orders[0].table.number, name: orders[0].table.name }

  const items = orders.flatMap((order) =>
    order.items.map((item) => ({
      id: item.id,
      orderId: order.id,
      menuItemId: item.menuItem.id,
      name: item.menuItem.name,
      category: item.menuItem.category,
      price: item.menuItem.price,
      quantity: item.quantity,
      status: item.status,
      notes: item.notes,
    }))
  )

  // Total excludes CANCELLED items
  const total = items.reduce((sum, item) => {
    if (item.status === 'CANCELLED') return sum
    return sum + item.price * item.quantity
  }, 0)

  console.log(
    `[GET /api/staff/tables/${tableId}/bill] Found ${orders.length} orders, ${items.length} items, total=${total}`
  )

  return NextResponse.json({ table, orders, items, total })
}


=== Toast component ===
'use client'

import { createContext, useCallback, useContext, useState } from 'react'
import ToastContainer, { type ToastData } from './Toast'

// ─── Context ────────────────────────────────────────────────────────

interface ToastAPI {
  success: (message: string) => void
  error: (message: string) => void
}

const ToastContext = createContext<ToastAPI | null>(null)

// ─── Hook ───────────────────────────────────────────────────────────

export function useToast(): ToastAPI {
  const ctx = useContext(ToastContext)
  if (!ctx) throw new Error('useToast must be used within <ToastProvider>')
  return ctx
}

// ─── Provider ───────────────────────────────────────────────────────

let nextId = 0

export default function ToastProvider({ children }: { children: React.ReactNode }) {
  const [toasts, setToasts] = useState<ToastData[]>([])

  const dismiss = useCallback((id: string) => {
    setToasts((prev) => prev.filter((t) => t.id !== id))
  }, [])

  const push = useCallback((message: string, variant: ToastData['variant']) => {
    const id = `toast-${++nextId}-${Date.now()}`
    setToasts((prev) => [...prev, { id, message, variant }])
  }, [])

  const api: ToastAPI = {
    success: useCallback((msg: string) => push(msg, 'success'), [push]),
    error: useCallback((msg: string) => push(msg, 'error'), [push]),
  }

  return (
    <ToastContext.Provider value={api}>
      {children}
      <ToastContainer toasts={toasts} onDismiss={dismiss} />
    </ToastContext.Provider>
  )
}

