=== Test files ===
src/app/api/admin/menu/__tests__/menu-crud.test.ts
src/components/staff/__tests__/orderReducer.test.ts
src/lib/__tests__/add-item-api.test.ts
src/lib/__tests__/bill-aggregation.test.ts
src/lib/__tests__/cancel-recalculation.test.ts
src/lib/__tests__/categorize-orders.test.ts
src/lib/__tests__/hidden-menu-filter.test.ts
src/lib/__tests__/order-status-paid.test.ts
src/lib/__tests__/order-status.test.ts
src/lib/__tests__/sse.test.ts

=== Menu CRUD test (first 30 lines) ===
import { describe, it, expect, vi, beforeEach } from 'vitest'

// ─── Mock Prisma ────────────────────────────────────────────────────
const mockFindMany = vi.fn()
const mockCreate = vi.fn()
const mockFindUnique = vi.fn()
const mockUpdate = vi.fn()

vi.mock('@/lib/prisma', () => ({
  prisma: {
    menuItem: {
      findMany: (...args: unknown[]) => mockFindMany(...args),
      create: (...args: unknown[]) => mockCreate(...args),
      findUnique: (...args: unknown[]) => mockFindUnique(...args),
      update: (...args: unknown[]) => mockUpdate(...args),
    },
  },
}))

// ─── Import route handlers (after mock is set up) ───────────────────
import { GET, POST } from '../route'
import { PUT, PATCH, DELETE } from '../[id]/route'

// ─── Helpers ────────────────────────────────────────────────────────

/** Create a NextRequest with JSON body */
function makeRequest(
  url: string,
  method: string,
  body?: Record<string, unknown>,

=== AdminNav ===
'use client'

import { usePathname } from 'next/navigation'
import Link from 'next/link'

// ─── Navigation Config ──────────────────────────────────────────────

const NAV_ITEMS = [
  { href: '/admin/menu', label: 'Thực đơn', emoji: '📋' },
  { href: '/admin/tables', label: 'Bàn', emoji: '🪑' },
  { href: '/admin/qr', label: 'QR Code', emoji: '📱' },
] as const

// ─── Admin Navigation ───────────────────────────────────────────────

export default function AdminNav() {
  const pathname = usePathname()

  return (
    <nav
      className="fixed bottom-0 left-0 right-0 z-50 bg-white/80 backdrop-blur-xl border-t border-amber-200/60 shadow-[0_-2px_16px_rgba(180,120,40,0.08)]"
      aria-label="Điều hướng quản trị"
    >
      <div className="max-w-7xl mx-auto flex items-stretch justify-around">
        {NAV_ITEMS.map(({ href, label, emoji }) => {
          const isActive = pathname.startsWith(href)

          return (
            <Link
              key={href}
              href={href}
              className={`
                relative flex flex-col items-center justify-center gap-1
                min-h-[56px] min-w-[72px] px-4 py-2
                text-xs font-semibold tracking-wide
                transition-all duration-200 ease-out
                ${
                  isActive
                    ? 'text-amber-900'
                    : 'text-amber-600/60 hover:text-amber-800 active:scale-95'
                }
              `}
              aria-current={isActive ? 'page' : undefined}
            >
              {/* Active indicator pill */}
              {isActive && (
                <span
                  className="absolute top-0 left-1/2 -translate-x-1/2 w-10 h-[3px] rounded-full bg-amber-500"
                  aria-hidden="true"
                />
              )}

              <span className="text-xl leading-none" aria-hidden="true">
                {emoji}
              </span>
              <span>{label}</span>
            </Link>
          )
        })}

        {/* Logout link */}
        <Link
          href="/admin/login"
          className="
            relative flex flex-col items-center justify-center gap-1
            min-h-[56px] min-w-[72px] px-4 py-2
            text-xs font-semibold tracking-wide
            text-amber-600/60 hover:text-red-600 active:scale-95
            transition-all duration-200 ease-out
          "
        >
          <span className="text-xl leading-none" aria-hidden="true">🚪</span>
          <span>Đăng xuất</span>
        </Link>
      </div>
    </nav>
  )
}

