=== src/ tree ===
app/
  admin/
    login/
      page.tsx (6883B)
    page.tsx (6367B)
  api/
    admin/
      login/
        route.ts (1074B)
      qr-pdf/
        route.ts (5851B)
    order/
      route.ts (4470B)
  favicon.ico (25931B)
  globals.css (467B)
  layout.tsx (506B)
  order/
    page.tsx (1829B)
  page.tsx (2383B)
components/
  order/
    CartBar.tsx (1994B)
    CartProvider.tsx (6311B)
    CartSheet.tsx (16007B)
    CartUI.tsx (1663B)
    ErrorPage.tsx (1213B)
    MenuView.tsx (7576B)
    OrderConfirmation.tsx (6504B)
lib/
  auth.ts (1593B)
  format.ts (250B)
  prisma.ts (427B)
middleware.ts (987B)

=== prisma/ tree ===
dev.db (36864B)
migrations/
  20260506024910_add_full_schema/
    migration.sql (1604B)
  migration_lock.toml (124B)
schema.prisma (2089B)
seed.ts (2654B)
