=== All branches ===
* master

=== Full recent log ===
e1b1469 feat: Built MenuPickerModal with DRINK/FOOD tabs, quantity selector, an…
96301b3 test: Created GET /api/staff/menu and POST /api/staff/orders/[orderId]/…
63d6297 test: Added REMOVE_ORDERS action to useOrderStream reducer, order-paid…
ef0ca00 feat: Built checkout page with table list, bill detail view, item cance…
5a85cb6 chore: auto-commit after reactive-execute
73c3dcf chore: auto-commit after complete-milestone
1082067 feat: Added auto-hide completed orders with Lịch sử toggle, disconnecti…
e200565 feat: Added Web Audio API notification chime with mute toggle, autoplay…
2d7be67 fix: Added cancel button with two-tap confirmation to OrderCard ItemRow…
c838534 fix: PATCH cancel endpoint now recalculates totalAmount excluding cance…
dd59bb3 feat: Added kitchen page, overview page, and staff layout with bottom n…
95b95e2 feat: useOrderStream hook with SSE real-time updates + OrderCard + Stat…
d9c9d07 fix: PATCH item status endpoint with forward-only transition validation…
383de4b feat: SSE subscriber registry with station-level filtering and order st…
4d39489 chore: auto-commit after complete-milestone
1f3cb5a feat: Built POST /api/order Route Handler with full validation, wired c…
8dc86f9 chore: auto-commit after reactive-execute
97593e2 feat: Built MenuView client component with DRINK/FOOD tab switching, it…
79d914a feat: Created VND price formatter, /order Server Component with table v…
374e96a chore: auto-commit after complete-milestone
afbbf10 chore: Built Vietnamese admin page at /admin with env var config displa…
a8f83cc feat: Built GET /api/admin/qr-pdf route that generates A4 PDF with 3×5…
ef9cb81 chore: Created idempotent seed script with 18 Vietnamese menu items (12…
0cb0767 feat: Built Vietnamese TraSua landing page with mobile-first Tailwind l…
49fa36e feat: Scaffolded Next.js 16 project with Tailwind CSS v4, Prisma 7, and…
f7ecce2 chore: init GSD project - TraSua order management system

