
node:internal/modules/run_main:107
    triggerUncaughtException(
    ^
Error: Transform failed with 5 errors:
D:\TraSua\_check.ts:4:14: ERROR: Top-level await is currently not supported with the "cjs" output format
D:\TraSua\_check.ts:5:15: ERROR: Top-level await is currently not supported with the "cjs" output format
D:\TraSua\_check.ts:6:14: ERROR: Top-level await is currently not supported with the "cjs" output format
D:\TraSua\_check.ts:7:15: ERROR: Top-level await is currently not supported with the "cjs" output format
D:\TraSua\_check.ts:10:0: ERROR: Top-level await is currently not supported with the "cjs" output format
    at failureErrorWithLog (D:\TraSua\node_modules\esbuild\lib\main.js:1748:15)
    at D:\TraSua\node_modules\esbuild\lib\main.js:1017:50
    at responseCallbacks.<computed> (D:\TraSua\node_modules\esbuild\lib\main.js:884:9)
    at handleIncomingPacket (D:\TraSua\node_modules\esbuild\lib\main.js:939:12)
    at Socket.readFromStdout (D:\TraSua\node_modules\esbuild\lib\main.js:862:7)
    at Socket.emit (node:events:508:28)
    at addChunk (node:internal/streams/readable:563:12)
    at readableAddChunkPushByteMode (node:internal/streams/readable:514:3)
    at Readable.push (node:internal/streams/readable:394:5)
    at Pipe.onStreamRead (node:internal/stream_base_commons:189:23) {
  name: 'TransformError'
}

Node.js v24.14.1
