=== REQUIREMENTS ===
# Requirements

This file is the explicit capability and coverage contract for the project.

## Active

### R005 — QR codes được tạo sẵn cho 10-20 bàn, in ra và dán tại bàn
- Class: primary-user-loop
- Status: active
- Description: QR codes được tạo sẵn cho 10-20 bàn, in ra và dán tại bàn
- Why it matters: QR phải được chuẩn bị trước — không phải tạo mới mỗi lần khách đến
- Source: user-interview
- Validation: Admin tạo QR cho N bàn → xuất file in được → scan test thành công mở đúng trang order
- Notes: M001/S03 delivers the QR generation infrastructure: admin auth + /api/admin/qr-pdf generates A4 PDF with 3x5 grid of QR codes for N tables. Each QR encodes http://SHOP_IP:SHOP_PORT/order?table=N. Machine-verified: build passes, file content correct. Full validation (scan test) pending live runtime UAT.

### R006 — Hệ thống chạy local trên mạng nội bộ quán — không cần internet
- Class: constraint
- Status: active
- Description: Hệ thống chạy local trên mạng nội bộ quán — không cần internet
- Why it matters: Quán tầm trung không cần phức tạp hóa với cloud hosting, WiFi nội bộ đủ dùng
- Source: user-interview
- Validation: App hoạt động bình thường khi máy chủ và điện thoại cùng mạng WiFi, không có internet

### R007 — Giao diện khách hàng tiếng Việt, tối ưu mobile-first
- Class: quality-attribute
- Status: active
- Description: Giao diện khách hàng tiếng Việt, tối ưu mobile-first
- Why it matters: Khách hàng dùng điện thoại scan QR — UI phải đẹp và dễ dùng trên mobile
- Source: user-interview
- Validation: Trang order hiển thị tốt trên iPhone SE (375px) đến tablet, text tiếng Việt rõ ràng
- Notes: M002 delivers the primary customer-facing UI: /order page verified at 390px mobile viewport, all text Vietnamese, tabular-nums for prices, 44px+ touch targets, safe-area-inset padding, amber/warm branding. Cart sheet, confirmation screen all mobile-first.

## Validated

### R001 — Khách hàng scan QR code tại bàn để mở menu và đặt món trên điện thoại
- Class: core-capability
- Status: validated
- Description: Khách hàng scan QR code tại bàn để mở menu và đặt món trên điện thoại
- Why it matters: Đây là luồng chính của hệ thống — thay thế gọi nhân viên bằng self-service order
- Source: user-interview
- Validation: M002 delivered customer QR ordering flow. M003 delivered staff real-time dashboard with SSE — staff receives orders within 3 seconds via bar/kitchen/overview stations. Full R001 loop proven: customer scans QR → places order → staff sees it in real-time on their station tablet.
- Notes: M002 delivers the customer-facing half of R001: QR scan → menu browsing → cart → order submission → confirmation. Orders persist to DB with correct FKs and server-computed totals. Staff receiving orders (the second half of R001's validation criteria) is M003 scope.

### R002 — Phân loại đơn hàng thành món nước (bar) và món bếp (kitchen) tự động
- Class: core-capability
- Status: validated
- Description: Phân loại đơn hàng thành món nước (bar) và món bếp (kitchen) tự động
- Why it matters: Quán có 2 trạm pha chế riêng — bar và bếp cần thấy đúng món của mình
- Source: user-interview
- Validation: GET /api/staff/orders?station=bar returns only DRINK-category items; station=kitchen returns only FOOD-category items. Verified via API curl tests and 71 passing unit tests. StationView component filters client-side by category. Bar/kitchen station pages confirmed to show only their respective items.

### R003 — Dashboard nhân viên hiển thị đơn hàng real-time với trạng thái (mới → đang làm → xong → đã phục vụ)
- Class: core-capability
- Status: validated
- Description: Dashboard nhân viên hiển thị đơn hàng real-time với trạng thái (mới → đang làm → xong → đã phục vụ)
- Why it matters: Nhân viên cần biết ngay khi có đơn mới và theo dõi tiến độ từng đơn
- Source: user-interview
- Validation: SSE stream at /api/staff/orders/stream delivers new-order and item-status-change events within 3 seconds. Staff advance item status PENDING→PREPARING→READY→SERVED with si

=== DECISIONS ===
# Decisions Register

<!-- Append-only. Never edit or remove existing rows.
     To reverse a decision, add a new row that supersedes it.
     Read this file at the start of any planning or research phase. -->

| # | When | Scope | Decision | Choice | Rationale | Revisable? | Made By |
|---|------|-------|----------|--------|-----------|------------|---------|
| D001 |  | architecture | Tech stack cho hệ thống quản lý quán trà sữa | Next.js 14+ (App Router) + Tailwind CSS + SQLite (Prisma) + SSE | Next.js cho full-stack trong một project. SQLite không cần cài DB server riêng — phù hợp chạy local. Tailwind cho UI nhanh. SSE cho real-time đơn giản không cần WebSocket server. | Yes | collaborative |
| D002 |  | architecture | Cơ chế QR ordering | QR tĩnh chứa URL http://<local-ip>:3000/order?table=N, in sẵn 10-20 mã dán tại bàn | QR tĩnh đơn giản, in một lần dùng mãi. Không cần dynamic QR hay session — table number là identity đủ cho quán tầm trung. | Yes | collaborative |
| D003 |  | architecture | Ai có quyền huỷ/sửa đơn hàng | Chỉ nhân viên được huỷ/sửa đơn từ dashboard. Khách không có nút huỷ/sửa trên trang order — cần báo nhân viên. | Tránh khách tự huỷ đơn gây mất kiểm soát. Quán tầm trung nhân viên gần bàn, báo trực tiếp nhanh hơn. Giữ UI khách đơn giản, logic phức tạp dồn về phía staff. | Yes | collaborative |
| D004 | M001/S03 | library | PDF generation library for QR code printables | pdfkit + qrcode npm packages — server-side PDF generation in Next.js Route Handler | PDFKit is pure Node.js with streaming API, supports A4 sizing and PNG image embedding from Buffer natively. Combined with qrcode's toBuffer() for PNG generation, gives a clean server-side pipeline with no browser dependencies. Alternatives rejected: jspdf (browser-first), @react-pdf/renderer (heavyweight overkill). Both qrcode and pdfkit are offline-compatible (R006). | Yes | agent |
| D005 | M001/S03 | architecture | Admin auth mechanism for /admin routes | Simple ADMIN_PASSWORD env var + httpOnly cookie. Next.js middleware on Edge runtime protects /admin/* except /admin/login. No hashing — plain comparison. Cookie set with sameSite:lax, no secure flag (HTTP local network). | Tea shop on local network doesn't need complex auth. Single password from env var is appropriate for admin access on internal WiFi. httpOnly cookie prevents JS theft. No rate limiting needed since attack surface is local network only. Edge-compatible middleware avoids Node.js runtime requirements. | Yes | agent |
| D006 | M002 planning | architecture | M002 slice decomposition: two vertical slices instead of three | S01: Menu Browsing (read path — QR to tabbed menu display), S02: Cart + Order Submission (write path — cart state, UI, API, confirmation). Rejected: three-slice split with standalone API slice. | A standalone API-only slice is a horizontal layer, not a vertical slice — it would only be verifiable via curl, not by a real user through the real interface. The order creation API belongs with the cart submission because they form a single demoable capability. Two slices maps to the natural boundary: the read path (S01 is independently valuable — QR codes lead to a real menu) and the write path (S02 completes the ordering flow end-to-end). | Yes | agent |
| D007 | M002 planning | architecture | Order creation uses Route Handler (POST /api/order) instead of Server Action | Route Handler at /api/order — JSON request/response pattern with explicit status codes and validation | Cart submission is a JSON payload from client-side state (not a form submission). Route Handler gives clean control over validation, error responses with specific status codes (400/404/409), and structured error payloads for unavailable items. Server Actions are form-oriented and would require workarounds for JSON payloads and custom error shapes. | Yes | agent |
| D008 | M003 planning | architecture | M003 slice decomposition: station-first vertical slices | S01: Bar Station End-to-End (SSE + API + UI provi
