Test files: [
  'src\\app\\api\\admin\\menu\\__tests__\\menu-crud.test.ts',
  'src\\components\\staff\\__tests__\\orderReducer.test.ts',
  'src\\lib\\__tests__\\add-item-api.test.ts',
  'src\\lib\\__tests__\\bill-aggregation.test.ts',
  'src\\lib\\__tests__\\cancel-recalculation.test.ts',
  'src\\lib\\__tests__\\categorize-orders.test.ts',
  'src\\lib\\__tests__\\hidden-menu-filter.test.ts',
  'src\\lib\\__tests__\\order-status-paid.test.ts',
  'src\\lib\\__tests__\\order-status.test.ts',
  'src\\lib\\__tests__\\sse.test.ts'
]

=== Menu CRUD test structure (first 50 lines) ===
import { describe, it, expect, vi, beforeEach } from 'vitest'

// ─── Mock Prisma ────────────────────────────────────────────────────
const mockFindMany = vi.fn()
const mockCreate = vi.fn()
const mockFindUnique = vi.fn()
const mockUpdate = vi.fn()

vi.mock('@/lib/prisma', () => ({
  prisma: {
    menuItem: {
      findMany: (...args: unknown[]) => mockFindMany(...args),
      create: (...args: unknown[]) => mockCreate(...args),
      findUnique: (...args: unknown[]) => mockFindUnique(...args),
      update: (...args: unknown[]) => mockUpdate(...args),
    },
  },
}))

// ─── Import route handlers (after mock is set up) ───────────────────
import { GET, POST } from '../route'
import { PUT, PATCH, DELETE } from '../[id]/route'

// ─── Helpers ────────────────────────────────────────────────────────

/** Create a NextRequest with JSON body */
function makeRequest(
  url: string,
  method: string,
  body?: Record<string, unknown>,
): Request {
  const init: RequestInit = {
    method,
    headers: { 'content-type': 'application/json' },
  }
  if (body) init.body = JSON.stringify(body)
  return new Request(url, init)
}

/** Build the context object Next.js passes to dynamic route handlers */
function makeContext(id: string | number) {
  return { params: Promise.resolve({ id: String(id) }) }
}

/** Parse JSON from a NextResponse */
async function json(res: Response) {
  return res.json()
}

// ─── Reset mocks ────────────────────────────────────────────────────

=== Order route (table references) ===
  tableId: number
  const { tableId, items } = body
    typeof tableId !== 'number' ||
  // ─── Validate table exists ────────────────────────────────────────
  const table = await prisma.table.findUnique({ where: { id: tableId } })
  if (!table) {
          tableId,
      // Re-fetch with items + menuItem names + table info for response & broadcast
          table: true,

paidAt referenced in: [
  'src\\app\\api\\staff\\tables\\[tableId]\\pay\\route.ts',
  'src\\components\\staff\\useOrderStream.ts'
]
