=== Table-related files ===
D:\TraSua\src\app\admin\tables
D:\TraSua\src\app\api\staff\tables
D:\TraSua\src\app\api\staff\tables\[tableId]

=== Admin API directory ===
D:\TraSua\src\app\api\admin\login
D:\TraSua\src\app\api\admin\menu
D:\TraSua\src\app\api\admin\qr-pdf
D:\TraSua\src\app\api\admin\login\route.ts
D:\TraSua\src\app\api\admin\menu\route.ts
D:\TraSua\src\app\api\admin\menu\[id]
D:\TraSua\src\app\api\admin\menu\__tests__
D:\TraSua\src\app\api\admin\menu\[id]\route.ts
D:\TraSua\src\app\api\admin\menu\__tests__\menu-crud.test.ts
D:\TraSua\src\app\api\admin\qr-pdf\route.ts

=== Staff table routes ===
D:\TraSua\src\app\api\staff\tables\[tableId]
D:\TraSua\src\app\api\staff\tables\[tableId]\bill
D:\TraSua\src\app\api\staff\tables\[tableId]\pay
D:\TraSua\src\app\api\staff\tables\[tableId]\bill\route.ts
D:\TraSua\src\app\api\staff\tables\[tableId]\pay\route.ts

=== Seed file ===
  // Clear tables in reverse dependency order to avoid FK constraint violations
  await prisma.table.deleteMany()
  // ─── Seed Tables ──────────────────────────────────────────────────
  const tables = await Promise.all(
      prisma.table.create({
  console.log(`Seeded ${menuItems.length} menu items and ${tables.length} tables`)
=== Test files ===
D:\TraSua\src\app\api\admin\menu\__tests__
D:\TraSua\src\app\api\admin\menu\__tests__\menu-crud.test.ts
D:\TraSua\src\components\staff\__tests__
D:\TraSua\src\components\staff\__tests__\orderReducer.test.ts
D:\TraSua\src\lib\__tests__
D:\TraSua\src\lib\__tests__\add-item-api.test.ts
D:\TraSua\src\lib\__tests__\bill-aggregation.test.ts
D:\TraSua\src\lib\__tests__\cancel-recalculation.test.ts
D:\TraSua\src\lib\__tests__\categorize-orders.test.ts
D:\TraSua\src\lib\__tests__\hidden-menu-filter.test.ts
D:\TraSua\src\lib\__tests__\order-status-paid.test.ts
D:\TraSua\src\lib\__tests__\order-status.test.ts
D:\TraSua\src\lib\__tests__\sse.test.ts

